************************************
	System Health Status
************************************

Print Operating System Details
-------------------------------------
Hostname : ubuntu
Operating System : Ubuntu 18.04.3 LTS
Kernel Version :  5.0.0-23-generic
OS Architecture :  64 Bit OS
System Uptime : up by 9:24 hours
Current System Date & Time : Fri Jun 5 15:26:27 2020

Checking For Read-only File System[s]
-------------------------------------
.....No read-only file system[s] found. 


Checking For Currently Mounted File System[s]
--------------------------------------------------------------------------


Checking For Disk Usage On Mounted File System[s]
--------------------------------------------------------------------------
( 0-90% = OK/HEALTHY, 90-95% = WARNING, 95-100% = CRITICAL )
--------------------------------------------------------------------------
Mounted File System[s] Utilization (Percentage Used):



Checking For Zombie Processes
-------------------------------------
Number of zombie process on the system are : 1

  Details of each zombie processes found   
  -------------------------------------
  PID  PPID USER     STAT COMMAND
 1877  1801 ubuntu   Z+   [xbrlapi] <defunct>


Checking For INode Usage
--------------------------------------------------------------------------
( 0-90% = OK/HEALTHY, 90-95% = WARNING, 95-100% = CRITICAL )
--------------------------------------------------------------------------
INode Utilization (Percentage Used):



Checking SWAP Details
-------------------------------------
Total Swap Memory in MiB : 0, in GiB : 0
Swap Free Memory in MiB : 0, in GiB : 0


Checking For Processor Utilization
-------------------------------------

Current Processor Utilization Summary :



Checking For Load Average
-------------------------------------
Current Load Average : 0.20, 0.19, 0.11


Most Recent 3 Reboot Events
--------------------------------------------------------------------------
reboot   system boot  5.0.0-23-generic Fri Jun  5 11:27   still running


Most Recent 3 Shutdown Events
--------------------------------------------------------------------------
No shutdown events are recorded.


Top 5 Memory Resource Hog Processes
--------------------------------------------------------------------------
%MEM %CPU   PID  PPID USER     STAT COMMAND

 5.4  4.0  2383     1 ubuntu   Sl+  /usr/lib/firefox/firefox -new-window

 5.4  2.2  1934  1801 ubuntu   Sl+  /usr/bin/gnome-shell

 3.1  0.1  4165  4134 ubuntu   Sl+  /usr/lib/libreoffice/program/soffice.bin --writer

 2.5  0.1 16425  2383 ubuntu   Sl+  /usr/lib/firefox/firefox -contentproc -childID 26 -isForBrowser -prefsLen 11963 -prefMapSize 176309 -parentBuildID 20190718161435 -greomni /usr/lib/firefox/omni.ja -appomni /usr/lib/firefox/browser/omni.ja -appdir /usr/lib/firefox/browser 2383 true tab

 2.2  0.4  2612  2383 ubuntu   Sl+  /usr/lib/firefox/firefox -contentproc -childID 2 -isForBrowser -prefsLen 62 -prefMapSize 176309 -parentBuildID 20190718161435 -greomni /usr/lib/firefox/omni.ja -appomni /usr/lib/firefox/browser/omni.ja -appdir /usr/lib/firefox/browser 2383 true tab



Top 5 CPU Resource Hog Processes
--------------------------------------------------------------------------
%CPU %MEM   PID  PPID USER     STAT COMMAND

 4.0  5.4  2383     1 ubuntu   Sl+  /usr/lib/firefox/firefox -new-window

 2.2  5.4  1934  1801 ubuntu   Rl+  /usr/bin/gnome-shell

 2.2  2.1  1692  1690 ubuntu   Sl+  /usr/lib/xorg/Xorg vt1 -displayfd 3 -auth /run/user/999/gdm/Xauthority -background none -noreset -keeptty -verbose 3

 1.7  2.0 15761  2383 ubuntu   Sl+  /usr/lib/firefox/firefox -contentproc -childID 19 -isForBrowser -prefsLen 11916 -prefMapSize 176309 -parentBuildID 20190718161435 -greomni /usr/lib/firefox/omni.ja -appomni /usr/lib/firefox/browser/omni.ja -appdir /usr/lib/firefox/browser 2383 true tab

 0.4  2.2  2612  2383 ubuntu   Sl+  /usr/lib/firefox/firefox -contentproc -childID 2 -isForBrowser -prefsLen 62 -prefMapSize 176309 -parentBuildID 20190718161435 -greomni /usr/lib/firefox/omni.ja -appomni /usr/lib/firefox/browser/omni.ja -appdir /usr/lib/firefox/browser 2383 true tab

